<?xml version="1.0" encoding="UTF-8"?>
<testsuite name="com.arkoisystems.arkoicompiler.ArkoiCompilerTest" tests="1" skipped="0" failures="0" errors="0" timestamp="2020-02-06T20:03:04" hostname="msi-ubuntu" time="0.105">
  <properties/>
  <testcase name="runCompiler" classname="com.arkoisystems.arkoicompiler.ArkoiCompilerTest" time="0.105"/>
  <system-out><![CDATA[The lexical analysis took 17.976196ms for all classes (3 in total)
The syntax analysis took 21.144703ms for all classes (3 in total)
The semantic analysis took 0.928151ms for all classes (3 in total)
The compilation took 42.930119ms for all classes (3 in total)
]]></system-out>
  <system-err><![CDATA[]]></system-err>
</testsuite>
