<?xml version="1.0" encoding="UTF-8"?>
<testsuite name="com.arkoisystems.arkoicompiler.ArkoiCompilerTest" tests="1" skipped="0" failures="0" errors="0" timestamp="2020-01-31T19:06:58" hostname="msi-ubuntu" time="0.092">
  <properties/>
  <testcase name="runCompiler" classname="com.arkoisystems.arkoicompiler.ArkoiCompilerTest" time="0.092"/>
  <system-out><![CDATA[The lexical analysis took 12ms for all classes (2 in total)
{
  "separatorType": "CLOSING_PARENTHESIS",
  "tokenType": "SEPARATOR",
  "tokenContent": ")",
  "start": 95,
  "end": 96
}
{
  "separatorType": "CLOSING_PARENTHESIS",
  "tokenType": "SEPARATOR",
  "tokenContent": ")",
  "start": 95,
  "end": 96
}
{
  "separatorType": "SEMICOLON",
  "tokenType": "SEPARATOR",
  "tokenContent": ";",
  "start": 110,
  "end": 111
}
{
  "binaryOperatorType": "MODULO",
  "tokenType": "BINARY_OPERATOR",
  "tokenContent": "%",
  "start": 176,
  "end": 177
}
{
  "separatorType": "COMMA",
  "tokenType": "SEPARATOR",
  "tokenContent": ",",
  "start": 194,
  "end": 195
}
{
  "separatorType": "CLOSING_PARENTHESIS",
  "tokenType": "SEPARATOR",
  "tokenContent": ")",
  "start": 193,
  "end": 194
}
]]></system-out>
  <system-err><![CDATA[Couldn't compile the file. Please see the stacktrace for errors:
{
  "variableStorage": [],
  "functionStorage": [
    {
      "functionAnnotations": [],
      "functionName": {
        "tokenType": "IDENTIFIER",
        "tokenContent": "main",
        "start": 37,
        "end": 41
      },
      "functionReturnType": {
        "typeKind": "INTEGER",
        "isArray": false,
        "astType": "TYPE",
        "start": 0,
        "end": 0
      },
      "functionArguments": [
        {
          "argumentNameIdentifier": {
            "tokenType": "IDENTIFIER",
            "tokenContent": "args",
            "start": 47,
            "end": 51
          },
          "argumentType": {
            "typeKind": "STRING",
            "isArray": true,
            "astType": "TYPE",
            "start": 0,
            "end": 0
          },
          "astType": "ARGUMENT_DEFINITION",
          "start": 0,
          "end": 0
        }
      ],
      "blockAST": {
        "blockType": "BLOCK",
        "blockStorage": [
          {
            "invokedFunction": {
              "functionAnnotations": [],
              "functionName": {
                "tokenType": "IDENTIFIER",
                "tokenContent": "print_greet",
                "start": 119,
                "end": 130
              },
              "functionReturnType": {
                "typeKind": "VOID",
                "isArray": false,
                "astType": "TYPE",
                "start": 0,
                "end": 0
              },
              "functionArguments": [
                {
                  "argumentNameIdentifier": {
                    "tokenType": "IDENTIFIER",
                    "tokenContent": "test_argument",
                    "start": 133,
                    "end": 146
                  },
                  "argumentType": {
                    "typeKind": "STRING",
                    "isArray": false,
                    "astType": "TYPE",
                    "start": 0,
                    "end": 0
                  },
                  "astType": "ARGUMENT_DEFINITION",
                  "start": 0,
                  "end": 0
                }
              ],
              "blockAST": {
                "blockType": "INLINE",
                "blockStorage": [
                  {
                    "abstractOperableAST": {
                      "abstractToken": {
                        "invokedFunction": {
                          "functionAnnotations": [
                            {
                              "annotationName": {
                                "tokenType": "IDENTIFIER",
                                "tokenContent": "native",
                                "start": 1,
                                "end": 7
                              },
                              "annotationArguments": [
                                {
                                  "tokenType": "IDENTIFIER",
                                  "tokenContent": "default",
                                  "start": 8,
                                  "end": 15
                                }
                              ],
                              "astType": "ANNOTATION",
                              "start": 0,
                              "end": 21
                            }
                          ],
                          "functionName": {
                            "tokenType": "IDENTIFIER",
                            "tokenContent": "println",
                            "start": 22,
                            "end": 29
                          },
                          "functionReturnType": {
                            "typeKind": "VOID",
                            "isArray": false,
                            "astType": "TYPE",
                            "start": 0,
                            "end": 0
                          },
                          "functionArguments": [
                            {
                              "argumentNameIdentifier": {
                                "tokenType": "IDENTIFIER",
                                "tokenContent": "message",
                                "start": 32,
                                "end": 39
                              },
                              "argumentType": {
                                "typeKind": "STRING",
                                "isArray": false,
                                "astType": "TYPE",
                                "start": 0,
                                "end": 0
                              },
                              "astType": "ARGUMENT_DEFINITION",
                              "start": 0,
                              "end": 0
                            }
                          ],
                          "astType": "FUNCTION_DEFINITION",
                          "start": 18,
                          "end": 0
                        },
                        "invokeArguments": [],
                        "astType": "FUNCTION_INVOKE",
                        "start": 158,
                        "end": 212
                      },
                      "astType": "FUNCTION_RESULT_OPERABLE",
                      "start": 158,
                      "end": 212
                    },
                    "astType": "SIMPLE_EXPRESSION",
                    "start": 158,
                    "end": 212
                  }
                ],
                "astType": "BLOCK",
                "start": 156,
                "end": 194
              },
              "astType": "FUNCTION_DEFINITION",
              "start": 115,
              "end": 0
            },
            "invokeArguments": [
              {
                "abstractOperableAST": {
                  "abstractToken": {
                    "tokenType": "STRING",
                    "tokenContent": " ehehe ",
                    "start": 86,
                    "end": 95
                  },
                  "astType": "STRING_OPERABLE",
                  "start": 86,
                  "end": 95
                },
                "astType": "SIMPLE_EXPRESSION",
                "start": 86,
                "end": 95
              },
              {
                "abstractOperableAST": {
                  "abstractToken": {
                    "tokenType": "STRING",
                    "tokenContent": " ehehe ",
                    "start": 86,
                    "end": 95
                  },
                  "astType": "STRING_OPERABLE",
                  "start": 86,
                  "end": 95
                },
                "astType": "SIMPLE_EXPRESSION",
                "start": 86,
                "end": 95
              }
            ],
            "astType": "FUNCTION_INVOKE",
            "start": 74,
            "end": 97
          },
          {
            "abstractExpressionAST": {
              "abstractOperableAST": {
                "abstractToken": {
                  "numberType": "INTEGER",
                  "tokenType": "NUMBER",
                  "tokenContent": "0",
                  "start": 109,
                  "end": 110
                },
                "astType": "NUMBER_OPERABLE",
                "start": 109,
                "end": 110
              },
              "astType": "SIMPLE_EXPRESSION",
              "start": 109,
              "end": 110
            },
            "astType": "RETURN_STATEMENT_AST",
            "start": 102,
            "end": 111
          }
        ],
        "astType": "BLOCK",
        "start": 63,
        "end": 0
      },
      "astType": "FUNCTION_DEFINITION",
      "start": 33,
      "end": 0
    },
    {
      "functionAnnotations": [],
      "functionName": {
        "tokenType": "IDENTIFIER",
        "tokenContent": "print_greet",
        "start": 119,
        "end": 130
      },
      "functionReturnType": {
        "typeKind": "VOID",
        "isArray": false,
        "astType": "TYPE",
        "start": 0,
        "end": 0
      },
      "functionArguments": [
        {
          "argumentNameIdentifier": {
            "tokenType": "IDENTIFIER",
            "tokenContent": "test_argument",
            "start": 133,
            "end": 146
          },
          "argumentType": {
            "typeKind": "STRING",
            "isArray": false,
            "astType": "TYPE",
            "start": 0,
            "end": 0
          },
          "astType": "ARGUMENT_DEFINITION",
          "start": 0,
          "end": 0
        }
      ],
      "blockAST": {
        "blockType": "INLINE",
        "blockStorage": [
          {
            "abstractOperableAST": {
              "abstractToken": {
                "invokedFunction": {
                  "functionAnnotations": [
                    {
                      "annotationName": {
                        "tokenType": "IDENTIFIER",
                        "tokenContent": "native",
                        "start": 1,
                        "end": 7
                      },
                      "annotationArguments": [
                        {
                          "tokenType": "IDENTIFIER",
                          "tokenContent": "default",
                          "start": 8,
                          "end": 15
                        }
                      ],
                      "astType": "ANNOTATION",
                      "start": 0,
                      "end": 21
                    }
                  ],
                  "functionName": {
                    "tokenType": "IDENTIFIER",
                    "tokenContent": "println",
                    "start": 22,
                    "end": 29
                  },
                  "functionReturnType": {
                    "typeKind": "VOID",
                    "isArray": false,
                    "astType": "TYPE",
                    "start": 0,
                    "end": 0
                  },
                  "functionArguments": [
                    {
                      "argumentNameIdentifier": {
                        "tokenType": "IDENTIFIER",
                        "tokenContent": "message",
                        "start": 32,
                        "end": 39
                      },
                      "argumentType": {
                        "typeKind": "STRING",
                        "isArray": false,
                        "astType": "TYPE",
                        "start": 0,
                        "end": 0
                      },
                      "astType": "ARGUMENT_DEFINITION",
                      "start": 0,
                      "end": 0
                    }
                  ],
                  "astType": "FUNCTION_DEFINITION",
                  "start": 18,
                  "end": 0
                },
                "invokeArguments": [],
                "astType": "FUNCTION_INVOKE",
                "start": 158,
                "end": 212
              },
              "astType": "FUNCTION_RESULT_OPERABLE",
              "start": 158,
              "end": 212
            },
            "astType": "SIMPLE_EXPRESSION",
            "start": 158,
            "end": 212
          }
        ],
        "astType": "BLOCK",
        "start": 156,
        "end": 194
      },
      "astType": "FUNCTION_DEFINITION",
      "start": 115,
      "end": 0
    },
    {
      "functionAnnotations": [],
      "functionName": {
        "tokenType": "IDENTIFIER",
        "tokenContent": "greeting",
        "start": 218,
        "end": 226
      },
      "functionReturnType": {
        "typeKind": "STRING",
        "isArray": false,
        "astType": "TYPE",
        "start": 0,
        "end": 0
      },
      "functionArguments": [],
      "blockAST": {
        "blockType": "INLINE",
        "blockStorage": [],
        "astType": "BLOCK",
        "start": 237,
        "end": 0
      },
      "astType": "FUNCTION_DEFINITION",
      "start": 214,
      "end": 0
    }
  ],
  "astType": "ROOT",
  "start": 0,
  "end": 254
}
{
  "parser": {},
  "message": "Couldn't parse the \"FunctionDefinitionAST\" because an error occurred. Couldn't parse the Collection because there is an invalid expression inside.",
  "start": 193,
  "end": 194
}
{
  "parser": {},
  "message": "Couldn't parse the \"FunctionDefinitionAST\" because an error occurred. Couldn't parse the function invoke because an error occured during the parsing of the expression of the 0 argument",
  "start": 158,
  "end": 194
}
{
  "abstractAST": {
    "blockType": "INLINE",
    "blockStorage": [
      {
        "abstractOperableAST": {
          "abstractToken": {
            "invokedFunction": {
              "functionAnnotations": [
                {
                  "annotationName": {
                    "tokenType": "IDENTIFIER",
                    "tokenContent": "native",
                    "start": 1,
                    "end": 7
                  },
                  "annotationArguments": [
                    {
                      "tokenType": "IDENTIFIER",
                      "tokenContent": "default",
                      "start": 8,
                      "end": 15
                    }
                  ],
                  "astType": "ANNOTATION",
                  "start": 0,
                  "end": 21
                }
              ],
              "functionName": {
                "tokenType": "IDENTIFIER",
                "tokenContent": "println",
                "start": 22,
                "end": 29
              },
              "functionReturnType": {
                "typeKind": "VOID",
                "isArray": false,
                "astType": "TYPE",
                "start": 0,
                "end": 0
              },
              "functionArguments": [
                {
                  "argumentNameIdentifier": {
                    "tokenType": "IDENTIFIER",
                    "tokenContent": "message",
                    "start": 32,
                    "end": 39
                  },
                  "argumentType": {
                    "typeKind": "STRING",
                    "isArray": false,
                    "astType": "TYPE",
                    "start": 0,
                    "end": 0
                  },
                  "astType": "ARGUMENT_DEFINITION",
                  "start": 0,
                  "end": 0
                }
              ],
              "astType": "FUNCTION_DEFINITION",
              "start": 18,
              "end": 0
            },
            "invokeArguments": [],
            "astType": "FUNCTION_INVOKE",
            "start": 158,
            "end": 212
          },
          "astType": "FUNCTION_RESULT_OPERABLE",
          "start": 158,
          "end": 212
        },
        "astType": "SIMPLE_EXPRESSION",
        "start": 158,
        "end": 212
      }
    ],
    "astType": "BLOCK",
    "start": 156,
    "end": 194
  },
  "message": "Couldn't parse the inlined BlockAST because it doesn't end with a semicolon.",
  "start": 156,
  "end": 194
}
]]></system-err>
</testsuite>
