<?xml version="1.0" encoding="UTF-8"?>
<testsuite name="com.arkoisystems.arkoicompiler.ArkoiCompilerTest" tests="1" skipped="0" failures="0" errors="0" timestamp="2020-02-06T20:57:45" hostname="msi-ubuntu" time="0.081">
  <properties/>
  <testcase name="runCompiler" classname="com.arkoisystems.arkoicompiler.ArkoiCompilerTest" time="0.081"/>
  <system-out><![CDATA[The lexical analysis took 11.28266ms for all classes (3 in total)
The syntax analysis took 18.357894ms for all classes (3 in total)
The semantic analysis took 0.980624ms for all classes (3 in total)
The compilation took 32.860241ms for all classes (3 in total)
]]></system-out>
  <system-err><![CDATA[]]></system-err>
</testsuite>
